[07/07/25 13:44:18] [plugins/discord-connector] Unknown gateway event 'GUILD_JOIN_REQUEST_UPDATE'
[07/07/25 14:04:47] [plugins/discord-connector] Unknown gateway event 'VOICE_CHANNEL_STATUS_UPDATE'
[07/07/25 14:06:24] [plugins/discord-connector] Unknown gateway event 'VOICE_CHANNEL_STATUS_UPDATE'
[07/07/25 14:34:30] [plugins/discord-connector] Unknown gateway event 'VOICE_CHANNEL_STATUS_UPDATE'
[07/07/25 14:35:37] [plugins/discord-connector] Unknown gateway event 'VOICE_CHANNEL_STATUS_UPDATE'
[07/07/25 14:38:40] [plugins/discord-connector] Unknown gateway event 'VOICE_CHANNEL_STATUS_UPDATE'
[07/07/25 14:39:19] [plugins/discord-connector] Unknown gateway event 'VOICE_CHANNEL_STATUS_UPDATE'
[07/07/25 14:39:43] [plugins/discord-connector] Unknown gateway event 'VOICE_CHANNEL_STATUS_UPDATE'
[07/07/25 14:40:19] [plugins/discord-connector] Unknown gateway event 'VOICE_CHANNEL_STATUS_UPDATE'
[07/07/25 14:40:55] [plugins/discord-connector] Unknown gateway event 'GUILD_JOIN_REQUEST_UPDATE'
[07/07/25 14:43:16] [plugins/discord-connector] Unknown gateway event 'VOICE_CHANNEL_STATUS_UPDATE'
[07/07/25 14:43:17] [plugins/discord-connector] Unknown gateway event 'VOICE_CHANNEL_STATUS_UPDATE'
[07/07/25 14:44:20] [plugins/discord-connector] Unknown gateway event 'VOICE_CHANNEL_STATUS_UPDATE'
[07/07/25 15:19:07] [plugins/discord-connector] Unknown gateway event 'GUILD_JOIN_REQUEST_UPDATE'
[07/07/25 15:21:24] [plugins/discord-connector] Unknown gateway event 'VOICE_CHANNEL_STATUS_UPDATE'
[07/07/25 15:21:48] [plugins/discord-connector] Unknown gateway event 'VOICE_CHANNEL_STATUS_UPDATE'
[07/07/25 15:30:03] [plugins/discord-connector] Unknown gateway event 'VOICE_CHANNEL_STATUS_UPDATE'
[07/07/25 15:33:05] [plugins/discord-connector] Unknown gateway event 'VOICE_CHANNEL_STATUS_UPDATE'
[07/07/25 15:50:23] [plugins/discord-connector] Unknown gateway event 'VOICE_CHANNEL_STATUS_UPDATE'
[07/07/25 15:52:38] [plugins/discord-connector] Unknown gateway event 'VOICE_CHANNEL_STATUS_UPDATE'
[07/07/25 15:52:51] [plugins/discord-connector] Unknown gateway event 'VOICE_CHANNEL_STATUS_UPDATE'
[07/07/25 15:55:44] [plugins/discord-connector] Unknown gateway event 'VOICE_CHANNEL_STATUS_UPDATE'
[07/07/25 15:58:22] [plugins/discord-connector] Unknown gateway event 'VOICE_CHANNEL_STATUS_UPDATE'
[07/07/25 17:57:19] [plugins/discord-connector] Unknown gateway event 'VOICE_CHANNEL_STATUS_UPDATE'
[07/07/25 18:07:28] [plugins/discord-connector] Unknown gateway event 'VOICE_CHANNEL_STATUS_UPDATE'
[07/07/25 19:05:22] [plugins/discord-connector] Unknown gateway event 'VOICE_CHANNEL_STATUS_UPDATE'
[07/07/25 20:57:26] [plugins/discord-connector] Unknown gateway event 'GUILD_JOIN_REQUEST_UPDATE'
[07/07/25 21:10:00] [plugins/discord-connector] Unknown gateway event 'VOICE_CHANNEL_STATUS_UPDATE'
[07/07/25 21:14:49] [plugins/discord-connector] Unknown gateway event 'VOICE_CHANNEL_STATUS_UPDATE'
[07/07/25 21:24:36] [plugins/discord-connector] Unknown gateway event 'VOICE_CHANNEL_STATUS_UPDATE'
[07/07/25 21:25:13] [plugins/discord-connector] Unknown gateway event 'VOICE_CHANNEL_STATUS_UPDATE'
[07/07/25 21:36:44] [plugins/discord-connector] Unknown gateway event 'VOICE_CHANNEL_STATUS_UPDATE'
[07/07/25 22:26:29] [plugins/discord-connector] Unknown gateway event 'GUILD_JOIN_REQUEST_UPDATE'
[07/07/25 23:51:26] [plugins/discord-connector] Unknown gateway event 'GUILD_JOIN_REQUEST_UPDATE'
[07/08/25 00:11:32] [plugins/discord-connector] Unknown gateway event 'GUILD_JOIN_REQUEST_UPDATE'
[07/08/25 00:36:28] [plugins/discord-connector] Unknown gateway event 'GUILD_JOIN_REQUEST_UPDATE'
[07/08/25 00:37:16] [plugins/discord-connector] Unknown gateway event 'VOICE_CHANNEL_STATUS_UPDATE'
[07/08/25 01:20:58] [plugins/discord-connector] Unknown gateway event 'VOICE_CHANNEL_STATUS_UPDATE'
[07/08/25 02:12:47] [plugins/discord-connector] Unknown gateway event 'VOICE_CHANNEL_STATUS_UPDATE'
[07/08/25 02:45:41] [plugins/discord-connector] Unknown gateway event 'VOICE_CHANNEL_STATUS_UPDATE'
[07/08/25 13:32:23] [plugins/discord-connector] Unknown gateway event 'GUILD_JOIN_REQUEST_UPDATE'
[07/08/25 13:48:12] [plugins/discord-connector] Unknown gateway event 'GUILD_JOIN_REQUEST_UPDATE'
[07/08/25 15:22:18] [plugins/discord-connector] Unknown gateway event 'GUILD_JOIN_REQUEST_UPDATE'
[07/08/25 15:37:13] [plugins/discord-connector] Unknown gateway event 'GUILD_JOIN_REQUEST_UPDATE'
[07/08/25 15:42:03] [plugins/discord-connector] Unknown gateway event 'GUILD_JOIN_REQUEST_UPDATE'
[07/08/25 16:47:18] [plugins/discord-connector] Unknown gateway event 'VOICE_CHANNEL_STATUS_UPDATE'
[07/08/25 17:02:16] [plugins/discord-connector] Unknown gateway event 'VOICE_CHANNEL_STATUS_UPDATE'
[07/08/25 17:33:37] [plugins/discord-connector] Unknown gateway event 'GUILD_JOIN_REQUEST_UPDATE'
[07/08/25 17:37:04] [plugins/discord-connector] Unknown gateway event 'GUILD_JOIN_REQUEST_DELETE'
[07/08/25 17:45:38] [plugins/discord-connector] Unknown gateway event 'GUILD_JOIN_REQUEST_UPDATE'
[07/08/25 17:46:16] [plugins/discord-connector] Unknown gateway event 'VOICE_CHANNEL_STATUS_UPDATE'
[07/08/25 17:47:08] [plugins/discord-connector] Unknown gateway event 'VOICE_CHANNEL_STATUS_UPDATE'
[07/08/25 17:48:55] [plugins/discord-connector] Unknown gateway event 'VOICE_CHANNEL_STATUS_UPDATE'
[07/08/25 17:50:22] [plugins/discord-connector] Unknown gateway event 'GUILD_JOIN_REQUEST_UPDATE'
[07/08/25 18:25:12] [plugins/discord-connector] Unknown gateway event 'VOICE_CHANNEL_STATUS_UPDATE'
[07/08/25 18:27:15] [plugins/discord-connector] Unknown gateway event 'VOICE_CHANNEL_STATUS_UPDATE'
[07/08/25 18:28:53] [plugins/discord-connector] Unknown gateway event 'VOICE_CHANNEL_STATUS_UPDATE'
[07/08/25 18:39:30] [plugins/discord-connector] Unknown gateway event 'VOICE_CHANNEL_STATUS_UPDATE'
[07/08/25 18:40:58] [plugins/discord-connector] Unknown gateway event 'VOICE_CHANNEL_STATUS_UPDATE'
[07/08/25 18:58:36] [plugins/discord-connector] Unknown gateway event 'VOICE_CHANNEL_STATUS_UPDATE'
[07/08/25 23:40:56] [plugins/discord-connector] Unknown gateway event 'VOICE_CHANNEL_STATUS_UPDATE'
[07/09/25 00:01:14] [plugins/discord-connector] Unknown gateway event 'VOICE_CHANNEL_STATUS_UPDATE'
[07/09/25 00:25:16] [plugins/discord-connector] Unknown gateway event 'GUILD_JOIN_REQUEST_UPDATE'
[07/09/25 01:51:29] [plugins/discord-connector] Unknown gateway event 'VOICE_CHANNEL_STATUS_UPDATE'
[07/09/25 01:51:57] [plugins/discord-connector] Unknown gateway event 'VOICE_CHANNEL_STATUS_UPDATE'
[07/09/25 01:52:03] [plugins/discord-connector] Unknown gateway event 'VOICE_CHANNEL_STATUS_UPDATE'
[07/09/25 01:52:09] [plugins/discord-connector] Unknown gateway event 'VOICE_CHANNEL_STATUS_UPDATE'
[07/09/25 02:43:00] [plugins/discord-connector] Unknown gateway event 'VOICE_CHANNEL_STATUS_UPDATE'
[07/09/25 18:31:54] [plugins/discord-connector] Unknown gateway event 'VOICE_CHANNEL_STATUS_UPDATE'
[07/09/25 20:40:16] [plugins/discord-connector] Unknown gateway event 'VOICE_CHANNEL_STATUS_UPDATE'
[07/09/25 20:59:54] [plugins/discord-connector] Unknown gateway event 'VOICE_CHANNEL_STATUS_UPDATE'
[07/09/25 21:51:20] [plugins/discord-connector] Unknown gateway event 'VOICE_CHANNEL_STATUS_UPDATE'
[07/09/25 22:19:22] [plugins/discord-connector] Unknown gateway event 'VOICE_CHANNEL_STATUS_UPDATE'
[07/09/25 22:25:01] [plugins/discord-connector] Unknown gateway event 'VOICE_CHANNEL_STATUS_UPDATE'
[07/09/25 23:25:44] [plugins/discord-connector] Unknown gateway event 'GUILD_JOIN_REQUEST_UPDATE'
[07/09/25 23:27:44] [plugins/discord-connector] Unknown gateway event 'GUILD_JOIN_REQUEST_UPDATE'
[07/10/25 00:33:54] [plugins/discord-connector] Unknown gateway event 'GUILD_JOIN_REQUEST_UPDATE'
[07/10/25 00:49:04] [plugins/discord-connector] Unknown gateway event 'VOICE_CHANNEL_STATUS_UPDATE'
[07/10/25 00:52:41] [plugins/discord-connector] Unknown gateway event 'VOICE_CHANNEL_STATUS_UPDATE'
[07/10/25 01:07:29] [plugins/discord-connector] Unknown gateway event 'GUILD_JOIN_REQUEST_UPDATE'
[07/10/25 01:08:16] [plugins/discord-connector] Unknown gateway event 'GUILD_JOIN_REQUEST_DELETE'
[07/10/25 03:18:23] [plugins/discord-connector] Unknown gateway event 'GUILD_JOIN_REQUEST_UPDATE'
[07/10/25 04:23:30] [plugins/discord-connector] Unknown gateway event 'GUILD_JOIN_REQUEST_UPDATE'
[07/10/25 05:53:21] [plugins/discord-connector] Unknown gateway event 'GUILD_JOIN_REQUEST_UPDATE'
[07/10/25 08:15:12] [plugins/discord-connector] Unknown gateway event 'VOICE_CHANNEL_STATUS_UPDATE'
[07/10/25 12:19:17] [plugins/discord-connector] Unknown gateway event 'GUILD_JOIN_REQUEST_UPDATE'
[07/10/25 15:19:36] [plugins/discord-connector] Unknown gateway event 'VOICE_CHANNEL_STATUS_UPDATE'
[07/10/25 15:19:38] [plugins/discord-connector] Unknown gateway event 'VOICE_CHANNEL_STATUS_UPDATE'
[07/10/25 15:20:20] [plugins/discord-connector] Unknown gateway event 'VOICE_CHANNEL_STATUS_UPDATE'
[07/10/25 17:19:29] [plugins/discord-connector] Unknown gateway event 'GUILD_JOIN_REQUEST_UPDATE'
[07/10/25 17:47:03] [plugins/discord-connector] Unknown gateway event 'VOICE_CHANNEL_STATUS_UPDATE'
[07/10/25 18:16:45] [plugins/discord-connector] Error while shutting down SSL on HTTP connection: Broken pipe (32)
[07/10/25 18:24:18] [plugins/discord-connector] Unknown gateway event 'VOICE_CHANNEL_STATUS_UPDATE'
[07/10/25 18:25:00] [plugins/discord-connector] Unknown gateway event 'VOICE_CHANNEL_STATUS_UPDATE'
[07/10/25 18:27:05] [plugins/discord-connector] Unknown gateway event 'VOICE_CHANNEL_STATUS_UPDATE'
[07/10/25 18:27:06] [plugins/discord-connector] Unknown gateway event 'VOICE_CHANNEL_STATUS_UPDATE'
[07/10/25 18:28:29] [plugins/discord-connector] Unknown gateway event 'VOICE_CHANNEL_STATUS_UPDATE'
[07/10/25 19:55:41] [plugins/discord-connector] Unknown gateway event 'VOICE_CHANNEL_STATUS_UPDATE'
[07/11/25 00:53:50] [plugins/discord-connector] Unknown gateway event 'VOICE_CHANNEL_STATUS_UPDATE'
[07/11/25 00:53:51] [plugins/discord-connector] Unknown gateway event 'VOICE_CHANNEL_STATUS_UPDATE'
[07/11/25 00:54:37] [plugins/discord-connector] Unknown gateway event 'GUILD_JOIN_REQUEST_UPDATE'
[07/11/25 01:13:33] [plugins/discord-connector] Unknown gateway event 'VOICE_CHANNEL_STATUS_UPDATE'
[07/11/25 01:37:36] [plugins/discord-connector] Unknown gateway event 'VOICE_CHANNEL_STATUS_UPDATE'
[07/11/25 01:57:01] [plugins/discord-connector] Unknown gateway event 'VOICE_CHANNEL_STATUS_UPDATE'
[07/11/25 02:35:56] [plugins/discord-connector] Unknown gateway event 'VOICE_CHANNEL_STATUS_UPDATE'
[07/11/25 02:35:56] [plugins/discord-connector] Unknown gateway event 'VOICE_CHANNEL_STATUS_UPDATE'
[07/11/25 02:36:51] [plugins/discord-connector] Unknown gateway event 'VOICE_CHANNEL_STATUS_UPDATE'
[07/11/25 03:51:17] [plugins/discord-connector] Unknown gateway event 'GUILD_JOIN_REQUEST_UPDATE'
[07/11/25 04:03:15] [plugins/discord-connector] Unknown gateway event 'VOICE_CHANNEL_STATUS_UPDATE'
[07/11/25 07:00:01] [plugins/discord-connector] Unknown gateway event 'VOICE_CHANNEL_STATUS_UPDATE'
[07/11/25 14:47:36] [plugins/discord-connector] Unknown gateway event 'VOICE_CHANNEL_STATUS_UPDATE'
[07/11/25 14:47:36] [plugins/discord-connector] Unknown gateway event 'VOICE_CHANNEL_STATUS_UPDATE'
[07/11/25 14:48:12] [plugins/discord-connector] Unknown gateway event 'VOICE_CHANNEL_STATUS_UPDATE'
[07/11/25 15:09:47] [plugins/discord-connector] Unknown gateway event 'VOICE_CHANNEL_STATUS_UPDATE'
[07/11/25 15:10:57] [plugins/discord-connector] Unknown gateway event 'VOICE_CHANNEL_STATUS_UPDATE'
[07/11/25 15:11:07] [plugins/discord-connector] Unknown gateway event 'VOICE_CHANNEL_STATUS_UPDATE'
[07/11/25 15:12:30] [plugins/discord-connector] Unknown gateway event 'VOICE_CHANNEL_STATUS_UPDATE'
[07/11/25 15:26:31] [plugins/discord-connector] Unknown gateway event 'VOICE_CHANNEL_STATUS_UPDATE'
[07/11/25 15:52:59] [plugins/discord-connector] Unknown gateway event 'VOICE_CHANNEL_STATUS_UPDATE'
[07/11/25 16:20:48] [plugins/discord-connector] Unhandled payload opcode '1'
[07/11/25 16:57:24] [plugins/discord-connector] Unknown gateway event 'GUILD_JOIN_REQUEST_UPDATE'
[07/11/25 19:09:57] [plugins/discord-connector] Unknown gateway event 'VOICE_CHANNEL_STATUS_UPDATE'
[07/11/25 19:12:36] [plugins/discord-connector] Unknown gateway event 'VOICE_CHANNEL_STATUS_UPDATE'
[07/11/25 20:26:56] [plugins/discord-connector] Unknown gateway event 'VOICE_CHANNEL_STATUS_UPDATE'
[07/11/25 20:29:33] [plugins/discord-connector] Unknown gateway event 'VOICE_CHANNEL_STATUS_UPDATE'
[07/11/25 20:37:47] [plugins/discord-connector] Unknown gateway event 'VOICE_CHANNEL_STATUS_UPDATE'
[07/11/25 20:43:12] [plugins/discord-connector] Unknown gateway event 'VOICE_CHANNEL_STATUS_UPDATE'
[07/11/25 21:19:18] [plugins/discord-connector] Unknown gateway event 'GUILD_JOIN_REQUEST_UPDATE'
[07/11/25 22:00:56] [plugins/discord-connector] Unknown gateway event 'VOICE_CHANNEL_STATUS_UPDATE'
[07/11/25 23:54:18] [plugins/discord-connector] Unknown gateway event 'VOICE_CHANNEL_STATUS_UPDATE'
[07/11/25 23:54:37] [plugins/discord-connector] Unknown gateway event 'VOICE_CHANNEL_STATUS_UPDATE'
[07/11/25 23:55:12] [plugins/discord-connector] Unknown gateway event 'VOICE_CHANNEL_STATUS_UPDATE'
[07/12/25 00:00:00] [plugins/discord-connector] Unknown gateway event 'VOICE_CHANNEL_STATUS_UPDATE'
[07/12/25 00:02:57] [plugins/discord-connector] Unknown gateway event 'VOICE_CHANNEL_STATUS_UPDATE'
[07/12/25 00:03:12] [plugins/discord-connector] Unknown gateway event 'VOICE_CHANNEL_STATUS_UPDATE'
[07/12/25 00:27:27] [plugins/discord-connector] Unknown gateway event 'VOICE_CHANNEL_STATUS_UPDATE'
[07/12/25 00:57:28] [plugins/discord-connector] Unknown gateway event 'VOICE_CHANNEL_STATUS_UPDATE'
[07/12/25 01:03:05] [plugins/discord-connector] Unknown gateway event 'VOICE_CHANNEL_STATUS_UPDATE'
[07/12/25 01:05:14] [plugins/discord-connector] Unknown gateway event 'VOICE_CHANNEL_STATUS_UPDATE'
[07/12/25 01:28:59] [plugins/discord-connector] Unknown gateway event 'VOICE_CHANNEL_STATUS_UPDATE'
[07/12/25 01:29:06] [plugins/discord-connector] Unknown gateway event 'VOICE_CHANNEL_STATUS_UPDATE'
[07/12/25 01:37:40] [plugins/discord-connector] Unknown gateway event 'VOICE_CHANNEL_STATUS_UPDATE'
[07/12/25 02:16:07] [plugins/discord-connector] Unknown gateway event 'VOICE_CHANNEL_STATUS_UPDATE'
[07/12/25 05:45:39] [plugins/discord-connector] Unknown gateway event 'VOICE_CHANNEL_STATUS_UPDATE'
[07/12/25 09:07:54] [plugins/discord-connector] Unknown gateway event 'GUILD_JOIN_REQUEST_UPDATE'
[07/12/25 12:55:30] [plugins/discord-connector] Unknown gateway event 'VOICE_CHANNEL_STATUS_UPDATE'
[07/12/25 16:39:26] [plugins/discord-connector] Unknown gateway event 'GUILD_JOIN_REQUEST_UPDATE'
[07/12/25 16:41:27] [plugins/discord-connector] Unknown gateway event 'GUILD_JOIN_REQUEST_UPDATE'
[07/12/25 20:44:42] [plugins/discord-connector] Unknown gateway event 'VOICE_CHANNEL_STATUS_UPDATE'
[07/12/25 21:09:38] [plugins/discord-connector] Unknown gateway event 'VOICE_CHANNEL_STATUS_UPDATE'
[07/12/25 21:57:16] [plugins/discord-connector] Unknown gateway event 'VOICE_CHANNEL_STATUS_UPDATE'
[07/12/25 22:08:56] [plugins/discord-connector] Unknown gateway event 'VOICE_CHANNEL_STATUS_UPDATE'
[07/13/25 02:16:08] [plugins/discord-connector] Unhandled payload opcode '1'
[07/13/25 03:55:11] [plugins/discord-connector] Unknown gateway event 'VOICE_CHANNEL_STATUS_UPDATE'
[07/13/25 04:02:05] [plugins/discord-connector] Unknown gateway event 'GUILD_JOIN_REQUEST_UPDATE'
[07/13/25 15:29:05] [plugins/discord-connector] Unknown gateway event 'GUILD_JOIN_REQUEST_UPDATE'
[07/13/25 19:31:28] [plugins/discord-connector] Error while shutting down SSL on HTTP connection: Broken pipe (32)
[07/13/25 20:20:53] [plugins/discord-connector] Unknown gateway event 'GUILD_JOIN_REQUEST_UPDATE'
[07/13/25 21:21:22] [plugins/discord-connector] Unknown gateway event 'GUILD_JOIN_REQUEST_UPDATE'
[07/13/25 21:22:04] [plugins/discord-connector] Unknown gateway event 'GUILD_JOIN_REQUEST_UPDATE'
[07/13/25 21:24:20] [plugins/discord-connector] Unknown gateway event 'VOICE_CHANNEL_STATUS_UPDATE'
[07/13/25 21:38:22] [plugins/discord-connector] Unknown gateway event 'VOICE_CHANNEL_STATUS_UPDATE'
[07/13/25 21:39:05] [plugins/discord-connector] Unknown gateway event 'VOICE_CHANNEL_STATUS_UPDATE'
[07/13/25 21:43:04] [plugins/discord-connector] Unknown gateway event 'VOICE_CHANNEL_STATUS_UPDATE'
[07/13/25 21:43:12] [plugins/discord-connector] Unknown gateway event 'VOICE_CHANNEL_STATUS_UPDATE'
[07/13/25 21:44:52] [plugins/discord-connector] Unknown gateway event 'VOICE_CHANNEL_STATUS_UPDATE'
[07/13/25 21:44:53] [plugins/discord-connector] Unknown gateway event 'VOICE_CHANNEL_STATUS_UPDATE'
[07/13/25 21:44:58] [plugins/discord-connector] Unknown gateway event 'VOICE_CHANNEL_STATUS_UPDATE'
[07/13/25 21:45:08] [plugins/discord-connector] Unknown gateway event 'VOICE_CHANNEL_STATUS_UPDATE'
[07/13/25 21:59:30] [plugins/discord-connector] Unknown gateway event 'VOICE_CHANNEL_STATUS_UPDATE'
[07/13/25 22:32:35] [plugins/discord-connector] Unknown gateway event 'VOICE_CHANNEL_STATUS_UPDATE'
[07/13/25 22:42:40] [plugins/discord-connector] Unknown gateway event 'VOICE_CHANNEL_STATUS_UPDATE'
[07/13/25 22:42:41] [plugins/discord-connector] Unknown gateway event 'VOICE_CHANNEL_STATUS_UPDATE'
[07/13/25 22:47:52] [plugins/discord-connector] Unknown gateway event 'VOICE_CHANNEL_STATUS_UPDATE'
[07/13/25 23:30:02] [plugins/discord-connector] Unknown gateway event 'VOICE_CHANNEL_STATUS_UPDATE'
[07/13/25 23:58:17] [plugins/discord-connector] Unknown gateway event 'VOICE_CHANNEL_STATUS_UPDATE'
[07/14/25 00:48:26] [plugins/discord-connector] Unknown gateway event 'VOICE_CHANNEL_STATUS_UPDATE'
[07/14/25 00:48:32] [plugins/discord-connector] Unknown gateway event 'VOICE_CHANNEL_STATUS_UPDATE'
[07/14/25 00:48:33] [plugins/discord-connector] Unknown gateway event 'VOICE_CHANNEL_STATUS_UPDATE'
[07/14/25 00:48:38] [plugins/discord-connector] Unknown gateway event 'VOICE_CHANNEL_STATUS_UPDATE'
[07/14/25 00:56:40] [plugins/discord-connector] Unknown gateway event 'VOICE_CHANNEL_STATUS_UPDATE'
[07/14/25 01:15:33] [plugins/discord-connector] Unknown gateway event 'VOICE_CHANNEL_STATUS_UPDATE'
[07/14/25 01:15:39] [plugins/discord-connector] Unknown gateway event 'VOICE_CHANNEL_STATUS_UPDATE'
[07/14/25 02:34:33] [plugins/discord-connector] Unknown gateway event 'GUILD_JOIN_REQUEST_UPDATE'
[07/14/25 03:42:22] [plugins/discord-connector] Unknown gateway event 'GUILD_JOIN_REQUEST_UPDATE'
[07/14/25 07:32:55] [plugins/discord-connector] Unknown gateway event 'VOICE_CHANNEL_STATUS_UPDATE'
[07/14/25 13:40:38] [plugins/discord-connector] Unknown gateway event 'VOICE_CHANNEL_STATUS_UPDATE'
[07/14/25 13:40:43] [plugins/discord-connector] Unknown gateway event 'VOICE_CHANNEL_STATUS_UPDATE'
[07/14/25 13:51:03] [plugins/discord-connector] Unknown gateway event 'VOICE_CHANNEL_STATUS_UPDATE'
[07/14/25 17:47:13] [plugins/discord-connector] Unknown gateway event 'VOICE_CHANNEL_STATUS_UPDATE'
[07/14/25 20:47:19] [plugins/discord-connector] Unknown gateway event 'VOICE_CHANNEL_STATUS_UPDATE'
[07/14/25 21:03:27] [plugins/discord-connector] Unknown gateway event 'VOICE_CHANNEL_STATUS_UPDATE'
[07/14/25 21:09:39] [plugins/discord-connector] Unknown gateway event 'GUILD_JOIN_REQUEST_UPDATE'
[07/14/25 21:09:42] [plugins/discord-connector] Unknown gateway event 'VOICE_CHANNEL_STATUS_UPDATE'
[07/14/25 21:12:57] [plugins/discord-connector] Unknown gateway event 'VOICE_CHANNEL_STATUS_UPDATE'
[07/14/25 21:25:54] [plugins/discord-connector] Unknown gateway event 'VOICE_CHANNEL_STATUS_UPDATE'
[07/15/25 01:07:25] [plugins/discord-connector] Unknown gateway event 'VOICE_CHANNEL_STATUS_UPDATE'
[07/15/25 02:13:11] [plugins/discord-connector] Unknown gateway event 'VOICE_CHANNEL_STATUS_UPDATE'
[07/15/25 03:55:25] [plugins/discord-connector] Unknown gateway event 'VOICE_CHANNEL_STATUS_UPDATE'
[07/15/25 08:06:16] [plugins/discord-connector] Unknown gateway event 'VOICE_CHANNEL_STATUS_UPDATE'
[07/15/25 08:08:08] [plugins/discord-connector] Unknown gateway event 'VOICE_CHANNEL_STATUS_UPDATE'
[07/15/25 08:09:25] [plugins/discord-connector] Unknown gateway event 'VOICE_CHANNEL_STATUS_UPDATE'
[07/15/25 08:49:25] [plugins/discord-connector] Error while shutting down SSL on HTTP connection: Broken pipe (32)
[07/15/25 10:53:12] [plugins/discord-connector] Error while shutting down SSL on HTTP connection: Broken pipe (32)
[07/15/25 11:03:44] [plugins/discord-connector] Unknown gateway event 'VOICE_CHANNEL_STATUS_UPDATE'
[07/15/25 11:59:57] [plugins/discord-connector] Error while shutting down SSL on HTTP connection: Broken pipe (32)
[07/15/25 13:03:53] [plugins/discord-connector] Unknown gateway event 'VOICE_CHANNEL_STATUS_UPDATE'
[07/15/25 13:05:50] [plugins/discord-connector] Unknown gateway event 'GUILD_JOIN_REQUEST_UPDATE'
[07/15/25 15:35:39] [plugins/discord-connector] Unknown gateway event 'GUILD_JOIN_REQUEST_UPDATE'
[07/15/25 16:10:40] [plugins/discord-connector] Unknown gateway event 'VOICE_CHANNEL_STATUS_UPDATE'
[07/15/25 21:49:46] [plugins/discord-connector] Unknown gateway event 'VOICE_CHANNEL_STATUS_UPDATE'
[07/15/25 22:10:55] [plugins/discord-connector] Unknown gateway event 'VOICE_CHANNEL_STATUS_UPDATE'
[07/15/25 23:42:05] [plugins/discord-connector] Unknown gateway event 'VOICE_CHANNEL_STATUS_UPDATE'
[07/15/25 23:48:09] [plugins/discord-connector] Unknown gateway event 'VOICE_CHANNEL_STATUS_UPDATE'
[07/16/25 00:05:05] [plugins/discord-connector] Unknown gateway event 'VOICE_CHANNEL_STATUS_UPDATE'
[07/16/25 00:05:35] [plugins/discord-connector] Unknown gateway event 'VOICE_CHANNEL_STATUS_UPDATE'
[07/16/25 00:09:28] [plugins/discord-connector] Unknown gateway event 'VOICE_CHANNEL_STATUS_UPDATE'
[07/16/25 00:12:59] [plugins/discord-connector] Unknown gateway event 'VOICE_CHANNEL_STATUS_UPDATE'
[07/16/25 00:32:01] [plugins/discord-connector] Unknown gateway event 'VOICE_CHANNEL_STATUS_UPDATE'
[07/16/25 01:08:35] [plugins/discord-connector] Unknown gateway event 'VOICE_CHANNEL_STATUS_UPDATE'
[07/16/25 12:06:43] [plugins/discord-connector] Unknown gateway event 'VOICE_CHANNEL_STATUS_UPDATE'
[07/16/25 12:07:06] [plugins/discord-connector] Unknown gateway event 'VOICE_CHANNEL_STATUS_UPDATE'
[07/16/25 13:51:14] [plugins/discord-connector] Unknown gateway event 'GUILD_JOIN_REQUEST_UPDATE'
[07/16/25 14:53:35] [plugins/discord-connector] Unknown gateway event 'VOICE_CHANNEL_STATUS_UPDATE'
[07/16/25 14:59:47] [plugins/discord-connector] Unknown gateway event 'VOICE_CHANNEL_STATUS_UPDATE'
[07/16/25 15:06:17] [plugins/discord-connector] Error while shutting down SSL on HTTP connection: Broken pipe (32)
[07/16/25 17:29:58] [plugins/discord-connector] Unknown gateway event 'VOICE_CHANNEL_STATUS_UPDATE'
[07/16/25 17:34:09] [plugins/discord-connector] Unknown gateway event 'VOICE_CHANNEL_STATUS_UPDATE'
[07/16/25 18:11:20] [plugins/discord-connector] Unknown gateway event 'VOICE_CHANNEL_STATUS_UPDATE'
[07/16/25 18:25:08] [plugins/discord-connector] Unknown gateway event 'VOICE_CHANNEL_STATUS_UPDATE'
[07/16/25 19:02:05] [plugins/discord-connector] Unknown gateway event 'GUILD_JOIN_REQUEST_UPDATE'
[07/16/25 19:38:34] [plugins/discord-connector] Unknown gateway event 'GUILD_JOIN_REQUEST_UPDATE'
[07/16/25 19:57:07] [plugins/discord-connector] Unknown gateway event 'VOICE_CHANNEL_STATUS_UPDATE'
[07/16/25 22:07:23] [plugins/discord-connector] Unknown gateway event 'VOICE_CHANNEL_STATUS_UPDATE'
[07/17/25 09:29:40] [plugins/discord-connector] Error while shutting down SSL on HTTP connection: Broken pipe (32)
[07/17/25 10:41:53] [plugins/discord-connector] Error while shutting down SSL on HTTP connection: Broken pipe (32)
[07/17/25 12:47:52] [plugins/discord-connector] Error while shutting down SSL on HTTP connection: Broken pipe (32)
[07/17/25 13:12:16] [plugins/discord-connector] Unknown gateway event 'VOICE_CHANNEL_STATUS_UPDATE'
[07/17/25 14:54:26] [plugins/discord-connector] Unknown gateway event 'VOICE_CHANNEL_STATUS_UPDATE'
[07/17/25 17:58:14] [plugins/discord-connector] Unknown gateway event 'VOICE_CHANNEL_STATUS_UPDATE'
[07/17/25 21:07:46] [plugins/discord-connector] Unknown gateway event 'GUILD_JOIN_REQUEST_UPDATE'
[07/17/25 21:08:09] [plugins/discord-connector] Unknown gateway event 'VOICE_CHANNEL_STATUS_UPDATE'
[07/17/25 21:11:52] [plugins/discord-connector] Unknown gateway event 'GUILD_JOIN_REQUEST_UPDATE'
[07/17/25 21:13:04] [plugins/discord-connector] Unknown gateway event 'GUILD_JOIN_REQUEST_UPDATE'
[07/17/25 21:23:08] [plugins/discord-connector] Unknown gateway event 'GUILD_JOIN_REQUEST_UPDATE'
[07/17/25 21:26:43] [plugins/discord-connector] Unknown gateway event 'GUILD_JOIN_REQUEST_UPDATE'
[07/17/25 21:27:38] [plugins/discord-connector] Unknown gateway event 'GUILD_JOIN_REQUEST_UPDATE'
[07/17/25 21:29:36] [plugins/discord-connector] Unknown gateway event 'GUILD_JOIN_REQUEST_UPDATE'
[07/17/25 21:29:55] [plugins/discord-connector] Unknown gateway event 'GUILD_JOIN_REQUEST_UPDATE'
[07/17/25 22:40:31] [plugins/discord-connector] Unknown gateway event 'VOICE_CHANNEL_STATUS_UPDATE'
[07/17/25 23:05:14] [plugins/discord-connector] Unknown gateway event 'VOICE_CHANNEL_STATUS_UPDATE'
[07/17/25 23:06:31] [plugins/discord-connector] Unknown gateway event 'VOICE_CHANNEL_STATUS_UPDATE'
[07/17/25 23:08:13] [plugins/discord-connector] Unknown gateway event 'VOICE_CHANNEL_STATUS_UPDATE'
[07/17/25 23:29:45] [plugins/discord-connector] Unknown gateway event 'VOICE_CHANNEL_STATUS_UPDATE'
[07/17/25 23:35:11] [plugins/discord-connector] Unknown gateway event 'GUILD_JOIN_REQUEST_UPDATE'
[07/18/25 02:28:50] [plugins/discord-connector] Unknown gateway event 'VOICE_CHANNEL_STATUS_UPDATE'
[07/18/25 03:34:11] [plugins/discord-connector] Error while shutting down SSL on HTTP connection: Broken pipe (32)
[07/18/25 08:04:45] [plugins/discord-connector] Error while shutting down SSL on HTTP connection: Broken pipe (32)
[07/18/25 09:06:49] [plugins/discord-connector] Unknown gateway event 'VOICE_CHANNEL_STATUS_UPDATE'
[07/18/25 18:14:18] [plugins/discord-connector] Unknown gateway event 'GUILD_JOIN_REQUEST_UPDATE'
[07/18/25 18:45:41] [plugins/discord-connector] Unknown gateway event 'VOICE_CHANNEL_STATUS_UPDATE'
[07/18/25 19:10:53] [plugins/discord-connector] Unknown gateway event 'VOICE_CHANNEL_STATUS_UPDATE'
[07/18/25 19:15:43] [plugins/discord-connector] Unknown gateway event 'VOICE_CHANNEL_STATUS_UPDATE'
[07/18/25 19:59:17] [plugins/discord-connector] Unknown gateway event 'GUILD_JOIN_REQUEST_UPDATE'
[07/18/25 20:31:03] [plugins/discord-connector] Unknown gateway event 'VOICE_CHANNEL_STATUS_UPDATE'
[07/18/25 22:46:56] [plugins/discord-connector] Unknown gateway event 'VOICE_CHANNEL_STATUS_UPDATE'
[07/18/25 22:47:52] [plugins/discord-connector] Unknown gateway event 'VOICE_CHANNEL_STATUS_UPDATE'
